
> slp-directory@0.1.0 export
> next export

 ⚠ "next export" is deprecated in favor of "output: export" in next.config.js https://nextjs.org/docs/advanced-features/static-html-export
   using build directory: /Users/santiagogonzalez/BOTS y SCRIPTS/directory-SLP/.next
 ⚠ rewrites, redirects, and headers are not applied when exporting your application, detected (headers). See more info here: https://nextjs.org/docs/messages/export-no-custom-routes
   Copying "static build" directory
 ⚠ Statically exporting a Next.js application via `next export` disables API routes and middleware.
This command is meant for static-only hosts, and is not necessary to make your application static.
Pages in your application without server-side data dependencies will be automatically statically exported by `next build`, including pages powered by `getStaticProps`.
Learn more: https://nextjs.org/docs/messages/api-routes-static-export
   Exporting (0/113) ...
   Copying "public" directory
   Launching 11 workers
Supabase client created successfully: true
Supabase client created successfully: true
Supabase client created successfully: true
Supabase client created successfully: true
Supabase client created successfully: true
Supabase client created successfully: true
Supabase client created successfully: true
Supabase client created successfully: true
Supabase client created successfully: true
Supabase client created successfully: true
Supabase client created successfully: true

Error occurred prerendering page "/account/orders". Read more: https://nextjs.org/docs/messages/prerender-error
Error: Error for page /account/orders: pages with `getServerSideProps` can not be exported. See more info here: https://nextjs.org/docs/messages/gssp-export
    at exportPages (/Users/santiagogonzalez/BOTS y SCRIPTS/directory-SLP/node_modules/next/dist/export/routes/pages.js:53:15)
    at exportPageImpl (/Users/santiagogonzalez/BOTS y SCRIPTS/directory-SLP/node_modules/next/dist/export/worker.js:191:45)
    at async /Users/santiagogonzalez/BOTS y SCRIPTS/directory-SLP/node_modules/next/dist/export/worker.js:219:16
    at async Span.traceAsyncFn (/Users/santiagogonzalez/BOTS y SCRIPTS/directory-SLP/node_modules/next/dist/trace/trace.js:105:20)
    at async Object.exportPage (/Users/santiagogonzalez/BOTS y SCRIPTS/directory-SLP/node_modules/next/dist/export/worker.js:218:20)

Error occurred prerendering page "/account/seller/add-product". Read more: https://nextjs.org/docs/messages/prerender-error
Error: Error for page /account/seller/add-product: pages with `getServerSideProps` can not be exported. See more info here: https://nextjs.org/docs/messages/gssp-export
    at exportPages (/Users/santiagogonzalez/BOTS y SCRIPTS/directory-SLP/node_modules/next/dist/export/routes/pages.js:53:15)
    at exportPageImpl (/Users/santiagogonzalez/BOTS y SCRIPTS/directory-SLP/node_modules/next/dist/export/worker.js:191:45)
    at async /Users/santiagogonzalez/BOTS y SCRIPTS/directory-SLP/node_modules/next/dist/export/worker.js:219:16
    at async Span.traceAsyncFn (/Users/santiagogonzalez/BOTS y SCRIPTS/directory-SLP/node_modules/next/dist/trace/trace.js:105:20)
    at async Object.exportPage (/Users/santiagogonzalez/BOTS y SCRIPTS/directory-SLP/node_modules/next/dist/export/worker.js:218:20)

Error occurred prerendering page "/account". Read more: https://nextjs.org/docs/messages/prerender-error
Error: Error for page /account: pages with `getServerSideProps` can not be exported. See more info here: https://nextjs.org/docs/messages/gssp-export
    at exportPages (/Users/santiagogonzalez/BOTS y SCRIPTS/directory-SLP/node_modules/next/dist/export/routes/pages.js:53:15)
    at exportPageImpl (/Users/santiagogonzalez/BOTS y SCRIPTS/directory-SLP/node_modules/next/dist/export/worker.js:191:45)
    at async /Users/santiagogonzalez/BOTS y SCRIPTS/directory-SLP/node_modules/next/dist/export/worker.js:219:16
    at async Span.traceAsyncFn (/Users/santiagogonzalez/BOTS y SCRIPTS/directory-SLP/node_modules/next/dist/trace/trace.js:105:20)
    at async Object.exportPage (/Users/santiagogonzalez/BOTS y SCRIPTS/directory-SLP/node_modules/next/dist/export/worker.js:218:20)

Error occurred prerendering page "/admin/debug-events". Read more: https://nextjs.org/docs/messages/prerender-error
Error: Error for page /admin/debug-events: pages with `getServerSideProps` can not be exported. See more info here: https://nextjs.org/docs/messages/gssp-export
    at exportPages (/Users/santiagogonzalez/BOTS y SCRIPTS/directory-SLP/node_modules/next/dist/export/routes/pages.js:53:15)
    at exportPageImpl (/Users/santiagogonzalez/BOTS y SCRIPTS/directory-SLP/node_modules/next/dist/export/worker.js:191:45)
    at async /Users/santiagogonzalez/BOTS y SCRIPTS/directory-SLP/node_modules/next/dist/export/worker.js:219:16
    at async Span.traceAsyncFn (/Users/santiagogonzalez/BOTS y SCRIPTS/directory-SLP/node_modules/next/dist/trace/trace.js:105:20)
    at async Object.exportPage (/Users/santiagogonzalez/BOTS y SCRIPTS/directory-SLP/node_modules/next/dist/export/worker.js:218:20)
getStaticProps: Fetching blog post for slug: undefined
getStaticProps: No slug provided

Error occurred prerendering page "/admin/sync-stripe". Read more: https://nextjs.org/docs/messages/prerender-error
Error: Error for page /admin/sync-stripe: pages with `getServerSideProps` can not be exported. See more info here: https://nextjs.org/docs/messages/gssp-export
    at exportPages (/Users/santiagogonzalez/BOTS y SCRIPTS/directory-SLP/node_modules/next/dist/export/routes/pages.js:53:15)
    at exportPageImpl (/Users/santiagogonzalez/BOTS y SCRIPTS/directory-SLP/node_modules/next/dist/export/worker.js:191:45)
    at async /Users/santiagogonzalez/BOTS y SCRIPTS/directory-SLP/node_modules/next/dist/export/worker.js:219:16
    at async Span.traceAsyncFn (/Users/santiagogonzalez/BOTS y SCRIPTS/directory-SLP/node_modules/next/dist/trace/trace.js:105:20)
    at async Object.exportPage (/Users/santiagogonzalez/BOTS y SCRIPTS/directory-SLP/node_modules/next/dist/export/worker.js:218:20)

Error occurred prerendering page "/admin/subscriptions". Read more: https://nextjs.org/docs/messages/prerender-error
Error: Error for page /admin/subscriptions: pages with `getServerSideProps` can not be exported. See more info here: https://nextjs.org/docs/messages/gssp-export
    at exportPages (/Users/santiagogonzalez/BOTS y SCRIPTS/directory-SLP/node_modules/next/dist/export/routes/pages.js:53:15)
    at exportPageImpl (/Users/santiagogonzalez/BOTS y SCRIPTS/directory-SLP/node_modules/next/dist/export/worker.js:191:45)
    at async /Users/santiagogonzalez/BOTS y SCRIPTS/directory-SLP/node_modules/next/dist/export/worker.js:219:16
    at async Span.traceAsyncFn (/Users/santiagogonzalez/BOTS y SCRIPTS/directory-SLP/node_modules/next/dist/trace/trace.js:105:20)
    at async Object.exportPage (/Users/santiagogonzalez/BOTS y SCRIPTS/directory-SLP/node_modules/next/dist/export/worker.js:218:20)
   Exporting (28/113) 

Error occurred prerendering page "/business/listings/edit/[id]". Read more: https://nextjs.org/docs/messages/prerender-error
Error: Error for page /business/listings/edit/[id]: pages with `getServerSideProps` can not be exported. See more info here: https://nextjs.org/docs/messages/gssp-export
    at exportPages (/Users/santiagogonzalez/BOTS y SCRIPTS/directory-SLP/node_modules/next/dist/export/routes/pages.js:53:15)
    at exportPageImpl (/Users/santiagogonzalez/BOTS y SCRIPTS/directory-SLP/node_modules/next/dist/export/worker.js:191:45)
    at async /Users/santiagogonzalez/BOTS y SCRIPTS/directory-SLP/node_modules/next/dist/export/worker.js:219:16
    at async Span.traceAsyncFn (/Users/santiagogonzalez/BOTS y SCRIPTS/directory-SLP/node_modules/next/dist/trace/trace.js:105:20)
    at async Object.exportPage (/Users/santiagogonzalez/BOTS y SCRIPTS/directory-SLP/node_modules/next/dist/export/worker.js:218:20)

Error occurred prerendering page "/admin/rebuild". Read more: https://nextjs.org/docs/messages/prerender-error
Error: Error for page /admin/rebuild: pages with `getServerSideProps` can not be exported. See more info here: https://nextjs.org/docs/messages/gssp-export
    at exportPages (/Users/santiagogonzalez/BOTS y SCRIPTS/directory-SLP/node_modules/next/dist/export/routes/pages.js:53:15)
    at exportPageImpl (/Users/santiagogonzalez/BOTS y SCRIPTS/directory-SLP/node_modules/next/dist/export/worker.js:191:45)
    at async /Users/santiagogonzalez/BOTS y SCRIPTS/directory-SLP/node_modules/next/dist/export/worker.js:219:16
    at async Span.traceAsyncFn (/Users/santiagogonzalez/BOTS y SCRIPTS/directory-SLP/node_modules/next/dist/trace/trace.js:105:20)
    at async Object.exportPage (/Users/santiagogonzalez/BOTS y SCRIPTS/directory-SLP/node_modules/next/dist/export/worker.js:218:20)

Error occurred prerendering page "/contact". Read more: https://nextjs.org/docs/messages/prerender-error
Error: Error for page /contact: pages with `getServerSideProps` can not be exported. See more info here: https://nextjs.org/docs/messages/gssp-export
    at exportPages (/Users/santiagogonzalez/BOTS y SCRIPTS/directory-SLP/node_modules/next/dist/export/routes/pages.js:53:15)
    at exportPageImpl (/Users/santiagogonzalez/BOTS y SCRIPTS/directory-SLP/node_modules/next/dist/export/worker.js:191:45)
    at async /Users/santiagogonzalez/BOTS y SCRIPTS/directory-SLP/node_modules/next/dist/export/worker.js:219:16
    at async Span.traceAsyncFn (/Users/santiagogonzalez/BOTS y SCRIPTS/directory-SLP/node_modules/next/dist/trace/trace.js:105:20)
    at async Object.exportPage (/Users/santiagogonzalez/BOTS y SCRIPTS/directory-SLP/node_modules/next/dist/export/worker.js:218:20)
Error: Minified React error #31; visit https://reactjs.org/docs/error-decoder.html?invariant=31&args[]=%5Bobject%20Promise%5D for the full message or use the non-minified dev environment for full errors and additional helpful warnings.
    at Z (/Users/santiagogonzalez/BOTS y SCRIPTS/directory-SLP/node_modules/react-dom/cjs/react-dom-server.browser.production.min.js:76:490)
    at Zc (/Users/santiagogonzalez/BOTS y SCRIPTS/directory-SLP/node_modules/react-dom/cjs/react-dom-server.browser.production.min.js:70:481)
    at Z (/Users/santiagogonzalez/BOTS y SCRIPTS/directory-SLP/node_modules/react-dom/cjs/react-dom-server.browser.production.min.js:76:89)
    at Xc (/Users/santiagogonzalez/BOTS y SCRIPTS/directory-SLP/node_modules/react-dom/cjs/react-dom-server.browser.production.min.js:68:409)
    at Zc (/Users/santiagogonzalez/BOTS y SCRIPTS/directory-SLP/node_modules/react-dom/cjs/react-dom-server.browser.production.min.js:70:210)
    at Z (/Users/santiagogonzalez/BOTS y SCRIPTS/directory-SLP/node_modules/react-dom/cjs/react-dom-server.browser.production.min.js:76:89)
    at $c (/Users/santiagogonzalez/BOTS y SCRIPTS/directory-SLP/node_modules/react-dom/cjs/react-dom-server.browser.production.min.js:78:98)
    at Zc (/Users/santiagogonzalez/BOTS y SCRIPTS/directory-SLP/node_modules/react-dom/cjs/react-dom-server.browser.production.min.js:71:145)
    at Z (/Users/santiagogonzalez/BOTS y SCRIPTS/directory-SLP/node_modules/react-dom/cjs/react-dom-server.browser.production.min.js:76:89)
    at $c (/Users/santiagogonzalez/BOTS y SCRIPTS/directory-SLP/node_modules/react-dom/cjs/react-dom-server.browser.production.min.js:78:98)

Error occurred prerendering page "/admin/coupons". Read more: https://nextjs.org/docs/messages/prerender-error
Error: Minified React error #31; visit https://reactjs.org/docs/error-decoder.html?invariant=31&args[]=%5Bobject%20Promise%5D for the full message or use the non-minified dev environment for full errors and additional helpful warnings.
    at Z (/Users/santiagogonzalez/BOTS y SCRIPTS/directory-SLP/node_modules/react-dom/cjs/react-dom-server.browser.production.min.js:76:490)
    at Zc (/Users/santiagogonzalez/BOTS y SCRIPTS/directory-SLP/node_modules/react-dom/cjs/react-dom-server.browser.production.min.js:70:481)
    at Z (/Users/santiagogonzalez/BOTS y SCRIPTS/directory-SLP/node_modules/react-dom/cjs/react-dom-server.browser.production.min.js:76:89)
    at Xc (/Users/santiagogonzalez/BOTS y SCRIPTS/directory-SLP/node_modules/react-dom/cjs/react-dom-server.browser.production.min.js:68:409)
    at Zc (/Users/santiagogonzalez/BOTS y SCRIPTS/directory-SLP/node_modules/react-dom/cjs/react-dom-server.browser.production.min.js:70:210)
    at Z (/Users/santiagogonzalez/BOTS y SCRIPTS/directory-SLP/node_modules/react-dom/cjs/react-dom-server.browser.production.min.js:76:89)
    at $c (/Users/santiagogonzalez/BOTS y SCRIPTS/directory-SLP/node_modules/react-dom/cjs/react-dom-server.browser.production.min.js:78:98)
    at Zc (/Users/santiagogonzalez/BOTS y SCRIPTS/directory-SLP/node_modules/react-dom/cjs/react-dom-server.browser.production.min.js:71:145)
    at Z (/Users/santiagogonzalez/BOTS y SCRIPTS/directory-SLP/node_modules/react-dom/cjs/react-dom-server.browser.production.min.js:76:89)
    at $c (/Users/santiagogonzalez/BOTS y SCRIPTS/directory-SLP/node_modules/react-dom/cjs/react-dom-server.browser.production.min.js:78:98)
/Users/santiagogonzalez/BOTS y SCRIPTS/directory-SLP/.next/server/chunks/6997.js:1
"use strict";exports.id=6997,exports.ids=[6997],exports.modules={6997:(t,e,i)=>{i.a(t,async(t,n)=>{try{i.d(e,{C5:()=>isAdminAuthenticated,Ee:()=>setAdminAuth,nD:()=>verifyAdminPassword,oV:()=>removeAdminAuth,st:()=>withAdminPageAuth});var d=i(9915),r=t([d]);d=(r.then?(await r)():r)[0];let a="directory_slp_admin_auth";function setAdminAuth(){d.default.set(a,"authenticated",{expires:1,path:"/"})}function removeAdminAuth(){d.default.remove(a,{path:"/"})}function isAdminAuthenticated(){return"authenticated"===d.default.get(a)}function verifyAdminPassword(t){return"directoryslp2024"===t}function withAdminPageAuth(t){return async e=>{let{req:i,res:n}=e,d=i.cookies[a];return"authenticated"!==d?{redirect:{destination:"/admin/login",permanent:!1}}:t?t(e):{props:{}}}}n()}catch(t){n(t)}})}};
                                                                                                                                                                                                                                                                                                                                                                                                                                                                                                                                                                                                                                                                                   ^

TypeError: Cannot read properties of undefined (reading 'cookies')
    at /Users/santiagogonzalez/BOTS y SCRIPTS/directory-SLP/.next/server/chunks/6997.js:1:660
    at Wc (/Users/santiagogonzalez/BOTS y SCRIPTS/directory-SLP/node_modules/react-dom/cjs/react-dom-server.browser.production.min.js:68:44)
    at Zc (/Users/santiagogonzalez/BOTS y SCRIPTS/directory-SLP/node_modules/react-dom/cjs/react-dom-server.browser.production.min.js:70:253)
    at Z (/Users/santiagogonzalez/BOTS y SCRIPTS/directory-SLP/node_modules/react-dom/cjs/react-dom-server.browser.production.min.js:76:89)
    at Xc (/Users/santiagogonzalez/BOTS y SCRIPTS/directory-SLP/node_modules/react-dom/cjs/react-dom-server.browser.production.min.js:68:409)
    at Zc (/Users/santiagogonzalez/BOTS y SCRIPTS/directory-SLP/node_modules/react-dom/cjs/react-dom-server.browser.production.min.js:70:210)
    at Z (/Users/santiagogonzalez/BOTS y SCRIPTS/directory-SLP/node_modules/react-dom/cjs/react-dom-server.browser.production.min.js:76:89)
    at $c (/Users/santiagogonzalez/BOTS y SCRIPTS/directory-SLP/node_modules/react-dom/cjs/react-dom-server.browser.production.min.js:78:98)
    at Zc (/Users/santiagogonzalez/BOTS y SCRIPTS/directory-SLP/node_modules/react-dom/cjs/react-dom-server.browser.production.min.js:71:145)
    at Z (/Users/santiagogonzalez/BOTS y SCRIPTS/directory-SLP/node_modules/react-dom/cjs/react-dom-server.browser.production.min.js:76:89)

Node.js v18.20.8
Static worker unexpectedly exited with code: 1 and signal: null
Error: Jest worker encountered 1 child process exceptions, exceeding retry limit
    at ChildProcessWorker.initialize (/Users/santiagogonzalez/BOTS y SCRIPTS/directory-SLP/node_modules/next/dist/compiled/jest-worker/index.js:1:11580)
    at ChildProcessWorker._onExit (/Users/santiagogonzalez/BOTS y SCRIPTS/directory-SLP/node_modules/next/dist/compiled/jest-worker/index.js:1:12545)
    at ChildProcess.emit (node:events:529:35)
    at ChildProcess._handle.onexit (node:internal/child_process:292:12) {
  type: 'WorkerError'
}
